# JRE version: Java(TM) SE Runtime Environment (7.0_51-b13) (build 1.7.0_51-b13)
# Java VM: Java HotSpot(TM) 64-Bit Server VM (24.51-b03 mixed mode windows-amd64 compressed oops)
Heap
 PSYoungGen      total 134144K, used 29121K [0x00000007d6e00000, 0x00000007df600000, 0x0000000800000000)
  eden space 129024K, 18% used [0x00000007d6e00000,0x00000007d8577518,0x00000007dec00000)
  from space 5120K, 99% used [0x00000007df100000,0x00000007df5f9030,0x00000007df600000)
  to   space 5120K, 0% used [0x00000007dec00000,0x00000007dec00000,0x00000007df100000)
 ParOldGen       total 83968K, used 12079K [0x0000000784a00000, 0x0000000789c00000, 0x00000007d6e00000)
  object space 83968K, 14% used [0x0000000784a00000,0x00000007855cbce0,0x0000000789c00000)
 PSPermGen       total 27136K, used 26878K [0x000000077f800000, 0x0000000781280000, 0x0000000784a00000)
  object space 27136K, 99% used [0x000000077f800000,0x000000078123fbf0,0x0000000781280000)
GC Heap History (8 events):
Event: 0.781 GC heap before
{Heap before GC invocations=1 (full 0):
 PSYoungGen      total 37376K, used 32256K [0x00000007d6e00000, 0x00000007d9780000, 0x0000000800000000)
  eden space 32256K, 100% used [0x00000007d6e00000,0x00000007d8d80000,0x00000007d8d80000)
  from space 5120K, 0% used [0x00000007d9280000,0x00000007d9280000,0x00000007d9780000)
  to   space 5120K, 0% used [0x00000007d8d80000,0x00000007d8d80000,0x00000007d9280000)
 ParOldGen       total 83968K, used 0K [0x0000000784a00000, 0x0000000789c00000, 0x00000007d6e00000)
  object space 83968K, 0% used [0x0000000784a00000,0x0000000784a00000,0x0000000789c00000)
 PSPermGen       total 21504K, used 7389K [0x000000077f800000, 0x0000000780d00000, 0x0000000784a00000)
  object space 21504K, 34% used [0x000000077f800000,0x000000077ff37510,0x0000000780d00000)
Event: 0.797 GC heap after
Heap after GC invocations=1 (full 0):
 PSYoungGen      total 37376K, used 4690K [0x00000007d6e00000, 0x00000007db700000, 0x0000000800000000)
  eden space 32256K, 0% used [0x00000007d6e00000,0x00000007d6e00000,0x00000007d8d80000)
  from space 5120K, 91% used [0x00000007d8d80000,0x00000007d9214af0,0x00000007d9280000)
  to   space 5120K, 0% used [0x00000007db200000,0x00000007db200000,0x00000007db700000)
 ParOldGen       total 83968K, used 8K [0x0000000784a00000, 0x0000000789c00000, 0x00000007d6e00000)
  object space 83968K, 0% used [0x0000000784a00000,0x0000000784a02000,0x0000000789c00000)
 PSPermGen       total 21504K, used 7389K [0x000000077f800000, 0x0000000780d00000, 0x0000000784a00000)
  object space 21504K, 34% used [0x000000077f800000,0x000000077ff37510,0x0000000780d00000)
}
Event: 1.466 GC heap before
{Heap before GC invocations=2 (full 0):
 PSYoungGen      total 37376K, used 36946K [0x00000007d6e00000, 0x00000007db700000, 0x0000000800000000)
  eden space 32256K, 100% used [0x00000007d6e00000,0x00000007d8d80000,0x00000007d8d80000)
  from space 5120K, 91% used [0x00000007d8d80000,0x00000007d9214af0,0x00000007d9280000)
  to   space 5120K, 0% used [0x00000007db200000,0x00000007db200000,0x00000007db700000)
 ParOldGen       total 83968K, used 8K [0x0000000784a00000, 0x0000000789c00000, 0x00000007d6e00000)
  object space 83968K, 0% used [0x0000000784a00000,0x0000000784a02000,0x0000000789c00000)
 PSPermGen       total 21504K, used 11958K [0x000000077f800000, 0x0000000780d00000, 0x0000000784a00000)
  object space 21504K, 55% used [0x000000077f800000,0x00000007803adbc0,0x0000000780d00000)
Event: 1.480 GC heap after
Heap after GC invocations=2 (full 0):
 PSYoungGen      total 69632K, used 5119K [0x00000007d6e00000, 0x00000007db700000, 0x0000000800000000)
  eden space 64512K, 0% used [0x00000007d6e00000,0x00000007d6e00000,0x00000007dad00000)
  from space 5120K, 99% used [0x00000007db200000,0x00000007db6ffdb0,0x00000007db700000)
  to   space 5120K, 0% used [0x00000007dad00000,0x00000007dad00000,0x00000007db200000)
 ParOldGen       total 83968K, used 1521K [0x0000000784a00000, 0x0000000789c00000, 0x00000007d6e00000)
  object space 83968K, 1% used [0x0000000784a00000,0x0000000784b7c5f8,0x0000000789c00000)
 PSPermGen       total 21504K, used 11958K [0x000000077f800000, 0x0000000780d00000, 0x0000000784a00000)
  object space 21504K, 55% used [0x000000077f800000,0x00000007803adbc0,0x0000000780d00000)
}
Event: 3.153 GC heap before
{Heap before GC invocations=3 (full 0):
 PSYoungGen      total 69632K, used 69631K [0x00000007d6e00000, 0x00000007db700000, 0x0000000800000000)
  eden space 64512K, 100% used [0x00000007d6e00000,0x00000007dad00000,0x00000007dad00000)
  from space 5120K, 99% used [0x00000007db200000,0x00000007db6ffdb0,0x00000007db700000)
  to   space 5120K, 0% used [0x00000007dad00000,0x00000007dad00000,0x00000007db200000)
 ParOldGen       total 83968K, used 1521K [0x0000000784a00000, 0x0000000789c00000, 0x00000007d6e00000)
  object space 83968K, 1% used [0x0000000784a00000,0x0000000784b7c5f8,0x0000000789c00000)
 PSPermGen       total 21504K, used 16917K [0x000000077f800000, 0x0000000780d00000, 0x0000000784a00000)
  object space 21504K, 78% used [0x000000077f800000,0x00000007808855b8,0x0000000780d00000)
Event: 3.167 GC heap after
Heap after GC invocations=3 (full 0):
 PSYoungGen      total 69632K, used 5088K [0x00000007d6e00000, 0x00000007df600000, 0x0000000800000000)
  eden space 64512K, 0% used [0x00000007d6e00000,0x00000007d6e00000,0x00000007dad00000)
  from space 5120K, 99% used [0x00000007dad00000,0x00000007db1f8040,0x00000007db200000)
  to   space 5120K, 0% used [0x00000007df100000,0x00000007df100000,0x00000007df600000)
 ParOldGen       total 83968K, used 7257K [0x0000000784a00000, 0x0000000789c00000, 0x00000007d6e00000)
  object space 83968K, 8% used [0x0000000784a00000,0x00000007851167a0,0x0000000789c00000)
 PSPermGen       total 21504K, used 16917K [0x000000077f800000, 0x0000000780d00000, 0x0000000784a00000)
  object space 21504K, 78% used [0x000000077f800000,0x00000007808855b8,0x0000000780d00000)
}
Event: 4.679 GC heap before
{Heap before GC invocations=4 (full 0):
 PSYoungGen      total 69632K, used 69503K [0x00000007d6e00000, 0x00000007df600000, 0x0000000800000000)
  eden space 64512K, 99% used [0x00000007d6e00000,0x00000007dace7eb0,0x00000007dad00000)
  from space 5120K, 99% used [0x00000007dad00000,0x00000007db1f8040,0x00000007db200000)
  to   space 5120K, 0% used [0x00000007df100000,0x00000007df100000,0x00000007df600000)
 ParOldGen       total 83968K, used 7257K [0x0000000784a00000, 0x0000000789c00000, 0x00000007d6e00000)
  object space 83968K, 8% used [0x0000000784a00000,0x00000007851167a0,0x0000000789c00000)
 PSPermGen       total 25088K, used 24866K [0x000000077f800000, 0x0000000781080000, 0x0000000784a00000)
  object space 25088K, 99% used [0x000000077f800000,0x0000000781048ae0,0x0000000781080000)
Event: 4.699 GC heap after
Heap after GC invocations=4 (full 0):
 PSYoungGen      total 134144K, used 5092K [0x00000007d6e00000, 0x00000007df600000, 0x0000000800000000)
  eden space 129024K, 0% used [0x00000007d6e00000,0x00000007d6e00000,0x00000007dec00000)
  from space 5120K, 99% used [0x00000007df100000,0x00000007df5f9030,0x00000007df600000)
  to   space 5120K, 0% used [0x00000007dec00000,0x00000007dec00000,0x00000007df100000)
 ParOldGen       total 83968K, used 12079K [0x0000000784a00000, 0x0000000789c00000, 0x00000007d6e00000)
  object space 83968K, 14% used [0x0000000784a00000,0x00000007855cbce0,0x0000000789c00000)
 PSPermGen       total 25088K, used 24866K [0x000000077f800000, 0x0000000781080000, 0x0000000784a00000)
  object space 25088K, 99% used [0x000000077f800000,0x0000000781048ae0,0x0000000781080000)
}

